<?xml version="1.0" encoding="UTF-8"?>
<!-- Generated by org.testng.reporters.JUnitReportReporter -->
<testsuite hostname="User-PC" name="ru.st.selenium.FilmSearchTest" tests="1" failures="0" timestamp="6 Apr 2016 17:43:50 GMT" time="2.301" errors="0">
  <testcase name="testFilmSearch" time="2.301" classname="ru.st.selenium.FilmSearchTest"/>
</testsuite> <!-- ru.st.selenium.FilmSearchTest -->
