<?xml version="1.0" encoding="UTF-8"?>
<!-- Generated by org.testng.reporters.JUnitReportReporter -->
<testsuite hostname="User-PC" name="ru.st.selenium.AddFileposTest" tests="1" failures="0" timestamp="2 Apr 2016 17:08:35 GMT" time="14.549" errors="0">
  <testcase name="testAddFilm" time="14.549" classname="ru.st.selenium.AddFileposTest"/>
</testsuite> <!-- ru.st.selenium.AddFileposTest -->
