<?xml version="1.0" encoding="UTF-8"?>
<!-- Generated by org.testng.reporters.JUnitReportReporter -->
<testsuite hostname="User-PC" name="ru.st.selenium.LoginTest" tests="1" failures="0" timestamp="31 Mar 2016 15:00:50 GMT" time="9.330" errors="0">
  <testcase name="testLogin" time="9.330" classname="ru.st.selenium.LoginTest"/>
</testsuite> <!-- ru.st.selenium.LoginTest -->
