<?xml version="1.0" encoding="UTF-8"?>
<!-- Generated by org.testng.reporters.JUnitReportReporter -->
<testsuite hostname="User-PC" name="ru.st.selenium.AddFilmPositiveAndRemoveTest" tests="1" failures="0" timestamp="5 Apr 2016 17:14:05 GMT" time="6.857" errors="0">
  <testcase name="testAddFilm" time="6.857" classname="ru.st.selenium.AddFilmPositiveAndRemoveTest"/>
</testsuite> <!-- ru.st.selenium.AddFilmPositiveAndRemoveTest -->
