<?xml version="1.0" encoding="UTF-8"?>
<!-- Generated by org.testng.reporters.JUnitReportReporter -->
<testsuite hostname="User-PC" name="ru.st.selenium.LoginTest" tests="1" failures="0" timestamp="21 Mar 2016 18:18:55 GMT" time="2.947" errors="0">
  <testcase name="testLogin" time="2.947" classname="ru.st.selenium.LoginTest"/>
</testsuite> <!-- ru.st.selenium.LoginTest -->
